warning: unused import: `std::io::Read`
 --> src/main.rs:4:5
  |
4 | use std::io::Read;
  |     ^^^^^^^^^^^^^
  |
  = note: `#[warn(unused_imports)]` on by default

warning: fields `ip` and `port` are never read
  --> src/main.rs:22:5
   |
20 | struct TcpServer {
   |        --------- fields in this struct
21 |     socket_fd: RawFd,
22 |     ip: String,
   |     ^^
23 |     port: u16,
   |     ^^^^
   |
   = note: `#[warn(dead_code)]` on by default

warning: method `close` is never used
   --> src/main.rs:104:8
    |
31  | impl TcpServer {
    | -------------- method in this implementation
...
104 |     fn close(&self) {
    |        ^^^^^

warning: method `write` is never used
   --> src/main.rs:147:8
    |
130 | impl TcpStream {
    | -------------- method in this implementation
...
147 |     fn write(&self, buffer: &[u8]) -> Result<usize, String> {
    |        ^^^^^

warning: function `inet_ntop` is never used
  --> src/main.rs:11:8
   |
11 |     fn inet_ntop(
   |        ^^^^^^^^^

warning: `pg01` (bin "pg01") generated 5 warnings
    Finished `dev` profile [unoptimized + debuginfo] target(s) in 0.01s
     Running `target/debug/pg01`
伺服器正在監聽 0.0.0.0:5432
接受來自客戶端的連接
未知的協議版本: 80877103
讀取查詢封包失敗: 讀取失敗
接受來自客戶端的連接
未知的協議版本: 80877103
讀取查詢封包失敗: 讀取失敗
